<?xml version="1.0" encoding="UTF-8"?>
<!-- Generated by org.testng.reporters.JUnitReportReporter -->
<testsuite skipped="0" hostname="Jatin-PC" name="testScript.test3" tests="1" failures="0" timestamp="03 Jun 2018 04:30:31 GMT" time="73.734" errors="0">
  <testcase name="testTwitter" time="73.734" classname="testScript.test3"/>
</testsuite> <!-- testScript.test3 -->
